<?xml version="1.0" encoding="UTF-8"?>
<!-- Generated by org.testng.reporters.JUnitReportReporter -->
<testsuite skipped="0" hostname="LAPTOP-34HA019L" name="test.MonthDropDownTest" tests="1" failures="0" timestamp="2022-01-30T21:03:39 EST" time="7.777" errors="0">
  <testcase name="MonthDropDownList" time="7.777" classname="test.MonthDropDownTest"/>
  <system-out/>
</testsuite> <!-- test.MonthDropDownTest -->
