<?xml version="1.0" encoding="UTF-8"?>
<!-- Generated by org.testng.reporters.JUnitReportReporter -->
<testsuite skipped="0" hostname="LAPTOP-34HA019L" name="util.BrowserFactory" tests="1" failures="0" timestamp="2022-01-24T18:35:14 EST" time="4.372" errors="0">
  <testcase name="init" time="4.372" classname="util.BrowserFactory"/>
  <system-out/>
</testsuite> <!-- util.BrowserFactory -->
